# JRE version: OpenJDK Runtime Environment (7.0_65-b32) (build 1.7.0_65-b32)
# Java VM: OpenJDK 64-Bit Server VM (24.65-b04 mixed mode linux-amd64 compressed oops)
Heap
 PSYoungGen      total 203264K, used 123383K [0x00000000eaa80000, 0x00000000f8780000, 0x0000000100000000)
  eden space 192512K, 58% used [0x00000000eaa80000,0x00000000f1884b88,0x00000000f6680000)
  from space 10752K, 99% used [0x00000000f7500000,0x00000000f7f792c0,0x00000000f7f80000)
  to   space 14848K, 0% used [0x00000000f6680000,0x00000000f6680000,0x00000000f7500000)
 ParOldGen       total 62464K, used 17477K [0x00000000c0000000, 0x00000000c3d00000, 0x00000000eaa80000)
  object space 62464K, 27% used [0x00000000c0000000,0x00000000c11117d0,0x00000000c3d00000)
 PSPermGen       total 35840K, used 35799K [0x00000000b0000000, 0x00000000b2300000, 0x00000000c0000000)
  object space 35840K, 99% used [0x00000000b0000000,0x00000000b22f5e88,0x00000000b2300000)
GC Heap History (10 events):
Event: 2.954 GC heap before
{Heap before GC invocations=4 (full 0):
 PSYoungGen      total 28160K, used 28128K [0x00000000eaa80000, 0x00000000ee180000, 0x0000000100000000)
  eden space 24576K, 100% used [0x00000000eaa80000,0x00000000ec280000,0x00000000ec280000)
  from space 3584K, 99% used [0x00000000ec280000,0x00000000ec5f8040,0x00000000ec600000)
  to   space 3584K, 0% used [0x00000000ede00000,0x00000000ede00000,0x00000000ee180000)
 ParOldGen       total 62464K, used 3969K [0x00000000c0000000, 0x00000000c3d00000, 0x00000000eaa80000)
  object space 62464K, 6% used [0x00000000c0000000,0x00000000c03e0578,0x00000000c3d00000)
 PSPermGen       total 21504K, used 18023K [0x00000000b0000000, 0x00000000b1500000, 0x00000000c0000000)
  object space 21504K, 83% used [0x00000000b0000000,0x00000000b1199ed8,0x00000000b1500000)
Event: 2.971 GC heap after
Heap after GC invocations=4 (full 0):
 PSYoungGen      total 52736K, used 3552K [0x00000000eaa80000, 0x00000000ee180000, 0x0000000100000000)
  eden space 49152K, 0% used [0x00000000eaa80000,0x00000000eaa80000,0x00000000eda80000)
  from space 3584K, 99% used [0x00000000ede00000,0x00000000ee178020,0x00000000ee180000)
  to   space 3584K, 0% used [0x00000000eda80000,0x00000000eda80000,0x00000000ede00000)
 ParOldGen       total 62464K, used 6533K [0x00000000c0000000, 0x00000000c3d00000, 0x00000000eaa80000)
  object space 62464K, 10% used [0x00000000c0000000,0x00000000c0661648,0x00000000c3d00000)
 PSPermGen       total 21504K, used 18023K [0x00000000b0000000, 0x00000000b1500000, 0x00000000c0000000)
  object space 21504K, 83% used [0x00000000b0000000,0x00000000b1199ed8,0x00000000b1500000)
}
Event: 3.793 GC heap before
{Heap before GC invocations=5 (full 0):
 PSYoungGen      total 52736K, used 52704K [0x00000000eaa80000, 0x00000000ee180000, 0x0000000100000000)
  eden space 49152K, 100% used [0x00000000eaa80000,0x00000000eda80000,0x00000000eda80000)
  from space 3584K, 99% used [0x00000000ede00000,0x00000000ee178020,0x00000000ee180000)
  to   space 3584K, 0% used [0x00000000eda80000,0x00000000eda80000,0x00000000ede00000)
 ParOldGen       total 62464K, used 6533K [0x00000000c0000000, 0x00000000c3d00000, 0x00000000eaa80000)
  object space 62464K, 10% used [0x00000000c0000000,0x00000000c0661648,0x00000000c3d00000)
 PSPermGen       total 21504K, used 21009K [0x00000000b0000000, 0x00000000b1500000, 0x00000000c0000000)
  object space 21504K, 97% used [0x00000000b0000000,0x00000000b1484478,0x00000000b1500000)
Event: 3.810 GC heap after
Heap after GC invocations=5 (full 0):
 PSYoungGen      total 52736K, used 3572K [0x00000000eaa80000, 0x00000000f1b80000, 0x0000000100000000)
  eden space 49152K, 0% used [0x00000000eaa80000,0x00000000eaa80000,0x00000000eda80000)
  from space 3584K, 99% used [0x00000000eda80000,0x00000000eddfd0b0,0x00000000ede00000)
  to   space 8704K, 0% used [0x00000000f1300000,0x00000000f1300000,0x00000000f1b80000)
 ParOldGen       total 62464K, used 9883K [0x00000000c0000000, 0x00000000c3d00000, 0x00000000eaa80000)
  object space 62464K, 15% used [0x00000000c0000000,0x00000000c09a6fe8,0x00000000c3d00000)
 PSPermGen       total 21504K, used 21009K [0x00000000b0000000, 0x00000000b1500000, 0x00000000c0000000)
  object space 21504K, 97% used [0x00000000b0000000,0x00000000b1484478,0x00000000b1500000)
}
Event: 3.976 GC heap before
{Heap before GC invocations=6 (full 0):
 PSYoungGen      total 52736K, used 52724K [0x00000000eaa80000, 0x00000000f1b80000, 0x0000000100000000)
  eden space 49152K, 100% used [0x00000000eaa80000,0x00000000eda80000,0x00000000eda80000)
  from space 3584K, 99% used [0x00000000eda80000,0x00000000eddfd0b0,0x00000000ede00000)
  to   space 8704K, 0% used [0x00000000f1300000,0x00000000f1300000,0x00000000f1b80000)
 ParOldGen       total 62464K, used 9883K [0x00000000c0000000, 0x00000000c3d00000, 0x00000000eaa80000)
  object space 62464K, 15% used [0x00000000c0000000,0x00000000c09a6fe8,0x00000000c3d00000)
 PSPermGen       total 21504K, used 21016K [0x00000000b0000000, 0x00000000b1500000, 0x00000000c0000000)
  object space 21504K, 97% used [0x00000000b0000000,0x00000000b14860b0,0x00000000b1500000)
Event: 3.990 GC heap after
Heap after GC invocations=6 (full 0):
 PSYoungGen      total 107008K, used 3856K [0x00000000eaa80000, 0x00000000f1b80000, 0x0000000100000000)
  eden space 98304K, 0% used [0x00000000eaa80000,0x00000000eaa80000,0x00000000f0a80000)
  from space 8704K, 44% used [0x00000000f1300000,0x00000000f16c40b0,0x00000000f1b80000)
  to   space 8704K, 0% used [0x00000000f0a80000,0x00000000f0a80000,0x00000000f1300000)
 ParOldGen       total 62464K, used 9883K [0x00000000c0000000, 0x00000000c3d00000, 0x00000000eaa80000)
  object space 62464K, 15% used [0x00000000c0000000,0x00000000c09a6fe8,0x00000000c3d00000)
 PSPermGen       total 21504K, used 21016K [0x00000000b0000000, 0x00000000b1500000, 0x00000000c0000000)
  object space 21504K, 97% used [0x00000000b0000000,0x00000000b14860b0,0x00000000b1500000)
}
Event: 5.141 GC heap before
{Heap before GC invocations=7 (full 0):
 PSYoungGen      total 107008K, used 102160K [0x00000000eaa80000, 0x00000000f1b80000, 0x0000000100000000)
  eden space 98304K, 100% used [0x00000000eaa80000,0x00000000f0a80000,0x00000000f0a80000)
  from space 8704K, 44% used [0x00000000f1300000,0x00000000f16c40b0,0x00000000f1b80000)
  to   space 8704K, 0% used [0x00000000f0a80000,0x00000000f0a80000,0x00000000f1300000)
 ParOldGen       total 62464K, used 9883K [0x00000000c0000000, 0x00000000c3d00000, 0x00000000eaa80000)
  object space 62464K, 15% used [0x00000000c0000000,0x00000000c09a6fe8,0x00000000c3d00000)
 PSPermGen       total 25088K, used 24622K [0x00000000b0000000, 0x00000000b1880000, 0x00000000c0000000)
  object space 25088K, 98% used [0x00000000b0000000,0x00000000b180bbb8,0x00000000b1880000)
Event: 5.163 GC heap after
Heap after GC invocations=7 (full 0):
 PSYoungGen      total 107008K, used 8683K [0x00000000eaa80000, 0x00000000f7f80000, 0x0000000100000000)
  eden space 98304K, 0% used [0x00000000eaa80000,0x00000000eaa80000,0x00000000f0a80000)
  from space 8704K, 99% used [0x00000000f0a80000,0x00000000f12fac58,0x00000000f1300000)
  to   space 10752K, 0% used [0x00000000f7500000,0x00000000f7500000,0x00000000f7f80000)
 ParOldGen       total 62464K, used 11708K [0x00000000c0000000, 0x00000000c3d00000, 0x00000000eaa80000)
  object space 62464K, 18% used [0x00000000c0000000,0x00000000c0b6f0d0,0x00000000c3d00000)
 PSPermGen       total 25088K, used 24622K [0x00000000b0000000, 0x00000000b1880000, 0x00000000c0000000)
  object space 25088K, 98% used [0x00000000b0000000,0x00000000b180bbb8,0x00000000b1880000)
}
Event: 7.591 GC heap before
{Heap before GC invocations=8 (full 0):
 PSYoungGen      total 107008K, used 106987K [0x00000000eaa80000, 0x00000000f7f80000, 0x0000000100000000)
  eden space 98304K, 100% used [0x00000000eaa80000,0x00000000f0a80000,0x00000000f0a80000)
  from space 8704K, 99% used [0x00000000f0a80000,0x00000000f12fac58,0x00000000f1300000)
  to   space 10752K, 0% used [0x00000000f7500000,0x00000000f7500000,0x00000000f7f80000)
 ParOldGen       total 62464K, used 11708K [0x00000000c0000000, 0x00000000c3d00000, 0x00000000eaa80000)
  object space 62464K, 18% used [0x00000000c0000000,0x00000000c0b6f0d0,0x00000000c3d00000)
 PSPermGen       total 31744K, used 31421K [0x00000000b0000000, 0x00000000b1f00000, 0x00000000c0000000)
  object space 31744K, 98% used [0x00000000b0000000,0x00000000b1eaf500,0x00000000b1f00000)
Event: 7.655 GC heap after
Heap after GC invocations=8 (full 0):
 PSYoungGen      total 203264K, used 10724K [0x00000000eaa80000, 0x00000000f8780000, 0x0000000100000000)
  eden space 192512K, 0% used [0x00000000eaa80000,0x00000000eaa80000,0x00000000f6680000)
  from space 10752K, 99% used [0x00000000f7500000,0x00000000f7f792c0,0x00000000f7f80000)
  to   space 14848K, 0% used [0x00000000f6680000,0x00000000f6680000,0x00000000f7500000)
 ParOldGen       total 62464K, used 17477K [0x00000000c0000000, 0x00000000c3d00000, 0x00000000eaa80000)
  object space 62464K, 27% used [0x00000000c0000000,0x00000000c11117d0,0x00000000c3d00000)
 PSPermGen       total 31744K, used 31421K [0x00000000b0000000, 0x00000000b1f00000, 0x00000000c0000000)
  object space 31744K, 98% used [0x00000000b0000000,0x00000000b1eaf500,0x00000000b1f00000)
}

