# JRE version: OpenJDK Runtime Environment (7.0_65-b32) (build 1.7.0_65-b32)
# Java VM: OpenJDK 64-Bit Server VM (24.65-b04 mixed mode linux-amd64 compressed oops)
Heap
 PSYoungGen      total 266240K, used 68295K [0x00000000eaa80000, 0x00000000fc400000, 0x0000000100000000)
  eden space 245248K, 27% used [0x00000000eaa80000,0x00000000eed31c28,0x00000000f9a00000)
  from space 20992K, 0% used [0x00000000faf80000,0x00000000faf80000,0x00000000fc400000)
  to   space 21504K, 0% used [0x00000000f9a00000,0x00000000f9a00000,0x00000000faf00000)
 ParOldGen       total 62464K, used 43350K [0x00000000c0000000, 0x00000000c3d00000, 0x00000000eaa80000)
  object space 62464K, 69% used [0x00000000c0000000,0x00000000c2a558e8,0x00000000c3d00000)
 PSPermGen       total 92160K, used 46123K [0x00000000b0000000, 0x00000000b5a00000, 0x00000000c0000000)
  object space 92160K, 50% used [0x00000000b0000000,0x00000000b2d0adb8,0x00000000b5a00000)
GC Heap History (10 events):
Event: 6.230 GC heap before
{Heap before GC invocations=9 (full 0):
 PSYoungGen      total 107008K, used 100408K [0x00000000eaa80000, 0x00000000f1b80000, 0x0000000100000000)
  eden space 98304K, 100% used [0x00000000eaa80000,0x00000000f0a80000,0x00000000f0a80000)
  from space 8704K, 24% used [0x00000000f1300000,0x00000000f150e168,0x00000000f1b80000)
  to   space 8704K, 0% used [0x00000000f0a80000,0x00000000f0a80000,0x00000000f1300000)
 ParOldGen       total 62464K, used 12478K [0x00000000c0000000, 0x00000000c3d00000, 0x00000000eaa80000)
  object space 62464K, 19% used [0x00000000c0000000,0x00000000c0c2fad0,0x00000000c3d00000)
 PSPermGen       total 28160K, used 27683K [0x00000000b0000000, 0x00000000b1b80000, 0x00000000c0000000)
  object space 28160K, 98% used [0x00000000b0000000,0x00000000b1b08de8,0x00000000b1b80000)
Event: 6.242 GC heap after
Heap after GC invocations=9 (full 0):
 PSYoungGen      total 107008K, used 8699K [0x00000000eaa80000, 0x00000000f5880000, 0x0000000100000000)
  eden space 98304K, 0% used [0x00000000eaa80000,0x00000000eaa80000,0x00000000f0a80000)
  from space 8704K, 99% used [0x00000000f0a80000,0x00000000f12fec38,0x00000000f1300000)
  to   space 10240K, 0% used [0x00000000f4e80000,0x00000000f4e80000,0x00000000f5880000)
 ParOldGen       total 62464K, used 13876K [0x00000000c0000000, 0x00000000c3d00000, 0x00000000eaa80000)
  object space 62464K, 22% used [0x00000000c0000000,0x00000000c0d8d190,0x00000000c3d00000)
 PSPermGen       total 28160K, used 27683K [0x00000000b0000000, 0x00000000b1b80000, 0x00000000c0000000)
  object space 28160K, 98% used [0x00000000b0000000,0x00000000b1b08de8,0x00000000b1b80000)
}
Event: 8.267 GC heap before
{Heap before GC invocations=10 (full 0):
 PSYoungGen      total 107008K, used 107003K [0x00000000eaa80000, 0x00000000f5880000, 0x0000000100000000)
  eden space 98304K, 100% used [0x00000000eaa80000,0x00000000f0a80000,0x00000000f0a80000)
  from space 8704K, 99% used [0x00000000f0a80000,0x00000000f12fec38,0x00000000f1300000)
  to   space 10240K, 0% used [0x00000000f4e80000,0x00000000f4e80000,0x00000000f5880000)
 ParOldGen       total 62464K, used 13876K [0x00000000c0000000, 0x00000000c3d00000, 0x00000000eaa80000)
  object space 62464K, 22% used [0x00000000c0000000,0x00000000c0d8d190,0x00000000c3d00000)
 PSPermGen       total 33280K, used 33102K [0x00000000b0000000, 0x00000000b2080000, 0x00000000c0000000)
  object space 33280K, 99% used [0x00000000b0000000,0x00000000b2053aa0,0x00000000b2080000)
Event: 8.306 GC heap after
Heap after GC invocations=10 (full 0):
 PSYoungGen      total 163328K, used 10240K [0x00000000eaa80000, 0x00000000f6180000, 0x0000000100000000)
  eden space 153088K, 0% used [0x00000000eaa80000,0x00000000eaa80000,0x00000000f4000000)
  from space 10240K, 100% used [0x00000000f4e80000,0x00000000f5880000,0x00000000f5880000)
  to   space 14848K, 0% used [0x00000000f4000000,0x00000000f4000000,0x00000000f4e80000)
 ParOldGen       total 62464K, used 22094K [0x00000000c0000000, 0x00000000c3d00000, 0x00000000eaa80000)
  object space 62464K, 35% used [0x00000000c0000000,0x00000000c1593970,0x00000000c3d00000)
 PSPermGen       total 33280K, used 33102K [0x00000000b0000000, 0x00000000b2080000, 0x00000000c0000000)
  object space 33280K, 99% used [0x00000000b0000000,0x00000000b2053aa0,0x00000000b2080000)
}
Event: 12.202 GC heap before
{Heap before GC invocations=11 (full 0):
 PSYoungGen      total 163328K, used 163328K [0x00000000eaa80000, 0x00000000f6180000, 0x0000000100000000)
  eden space 153088K, 100% used [0x00000000eaa80000,0x00000000f4000000,0x00000000f4000000)
  from space 10240K, 100% used [0x00000000f4e80000,0x00000000f5880000,0x00000000f5880000)
  to   space 14848K, 0% used [0x00000000f4000000,0x00000000f4000000,0x00000000f4e80000)
 ParOldGen       total 62464K, used 22094K [0x00000000c0000000, 0x00000000c3d00000, 0x00000000eaa80000)
  object space 62464K, 35% used [0x00000000c0000000,0x00000000c1593970,0x00000000c3d00000)
 PSPermGen       total 39424K, used 39175K [0x00000000b0000000, 0x00000000b2680000, 0x00000000c0000000)
  object space 39424K, 99% used [0x00000000b0000000,0x00000000b2641e48,0x00000000b2680000)
Event: 12.261 GC heap after
Heap after GC invocations=11 (full 0):
 PSYoungGen      total 167936K, used 14835K [0x00000000eaa80000, 0x00000000fc500000, 0x0000000100000000)
  eden space 153088K, 0% used [0x00000000eaa80000,0x00000000eaa80000,0x00000000f4000000)
  from space 14848K, 99% used [0x00000000f4000000,0x00000000f4e7ce08,0x00000000f4e80000)
  to   space 22016K, 0% used [0x00000000faf80000,0x00000000faf80000,0x00000000fc500000)
 ParOldGen       total 62464K, used 34944K [0x00000000c0000000, 0x00000000c3d00000, 0x00000000eaa80000)
  object space 62464K, 55% used [0x00000000c0000000,0x00000000c22200e0,0x00000000c3d00000)
 PSPermGen       total 39424K, used 39175K [0x00000000b0000000, 0x00000000b2680000, 0x00000000c0000000)
  object space 39424K, 99% used [0x00000000b0000000,0x00000000b2641e48,0x00000000b2680000)
}
Event: 18.429 GC heap before
{Heap before GC invocations=12 (full 0):
 PSYoungGen      total 167936K, used 121754K [0x00000000eaa80000, 0x00000000fc500000, 0x0000000100000000)
  eden space 153088K, 69% used [0x00000000eaa80000,0x00000000f12e9c88,0x00000000f4000000)
  from space 14848K, 99% used [0x00000000f4000000,0x00000000f4e7ce08,0x00000000f4e80000)
  to   space 22016K, 0% used [0x00000000faf80000,0x00000000faf80000,0x00000000fc500000)
 ParOldGen       total 62464K, used 34944K [0x00000000c0000000, 0x00000000c3d00000, 0x00000000eaa80000)
  object space 62464K, 55% used [0x00000000c0000000,0x00000000c22200e0,0x00000000c3d00000)
 PSPermGen       total 46080K, used 45978K [0x00000000b0000000, 0x00000000b2d00000, 0x00000000c0000000)
  object space 46080K, 99% used [0x00000000b0000000,0x00000000b2ce6bf0,0x00000000b2d00000)
Event: 18.469 GC heap after
Heap after GC invocations=12 (full 0):
 PSYoungGen      total 266240K, used 10497K [0x00000000eaa80000, 0x00000000fc400000, 0x0000000100000000)
  eden space 245248K, 0% used [0x00000000eaa80000,0x00000000eaa80000,0x00000000f9a00000)
  from space 20992K, 50% used [0x00000000faf80000,0x00000000fb9c07d8,0x00000000fc400000)
  to   space 21504K, 0% used [0x00000000f9a00000,0x00000000f9a00000,0x00000000faf00000)
 ParOldGen       total 62464K, used 49247K [0x00000000c0000000, 0x00000000c3d00000, 0x00000000eaa80000)
  object space 62464K, 78% used [0x00000000c0000000,0x00000000c3017ec8,0x00000000c3d00000)
 PSPermGen       total 46080K, used 45978K [0x00000000b0000000, 0x00000000b2d00000, 0x00000000c0000000)
  object space 46080K, 99% used [0x00000000b0000000,0x00000000b2ce6bf0,0x00000000b2d00000)
}
Event: 18.470 GC heap before
{Heap before GC invocations=13 (full 1):
 PSYoungGen      total 266240K, used 10497K [0x00000000eaa80000, 0x00000000fc400000, 0x0000000100000000)
  eden space 245248K, 0% used [0x00000000eaa80000,0x00000000eaa80000,0x00000000f9a00000)
  from space 20992K, 50% used [0x00000000faf80000,0x00000000fb9c07d8,0x00000000fc400000)
  to   space 21504K, 0% used [0x00000000f9a00000,0x00000000f9a00000,0x00000000faf00000)
 ParOldGen       total 62464K, used 49247K [0x00000000c0000000, 0x00000000c3d00000, 0x00000000eaa80000)
  object space 62464K, 78% used [0x00000000c0000000,0x00000000c3017ec8,0x00000000c3d00000)
 PSPermGen       total 46080K, used 45978K [0x00000000b0000000, 0x00000000b2d00000, 0x00000000c0000000)
  object space 46080K, 99% used [0x00000000b0000000,0x00000000b2ce6bf0,0x00000000b2d00000)
Event: 18.934 GC heap after
Heap after GC invocations=13 (full 1):
 PSYoungGen      total 266240K, used 0K [0x00000000eaa80000, 0x00000000fc400000, 0x0000000100000000)
  eden space 245248K, 0% used [0x00000000eaa80000,0x00000000eaa80000,0x00000000f9a00000)
  from space 20992K, 0% used [0x00000000faf80000,0x00000000faf80000,0x00000000fc400000)
  to   space 21504K, 0% used [0x00000000f9a00000,0x00000000f9a00000,0x00000000faf00000)
 ParOldGen       total 62464K, used 43350K [0x00000000c0000000, 0x00000000c3d00000, 0x00000000eaa80000)
  object space 62464K, 69% used [0x00000000c0000000,0x00000000c2a558e8,0x00000000c3d00000)
 PSPermGen       total 92160K, used 45921K [0x00000000b0000000, 0x00000000b5a00000, 0x00000000c0000000)
  object space 92160K, 49% used [0x00000000b0000000,0x00000000b2cd8408,0x00000000b5a00000)
}

