# JRE version: OpenJDK Runtime Environment (7.0_65-b32) (build 1.7.0_65-b32)
# Java VM: OpenJDK 64-Bit Server VM (24.65-b04 mixed mode linux-amd64 compressed oops)
Heap
 PSYoungGen      total 324096K, used 53084K [0x00000000eaa80000, 0x0000000100000000, 0x0000000100000000)
  eden space 297472K, 17% used [0x00000000eaa80000,0x00000000ede573e8,0x00000000fcd00000)
  from space 26624K, 0% used [0x00000000fe600000,0x00000000fe600000,0x0000000100000000)
  to   space 25600K, 0% used [0x00000000fcd00000,0x00000000fcd00000,0x00000000fe600000)
 ParOldGen       total 62464K, used 46848K [0x00000000c0000000, 0x00000000c3d00000, 0x00000000eaa80000)
  object space 62464K, 75% used [0x00000000c0000000,0x00000000c2dc0320,0x00000000c3d00000)
 PSPermGen       total 94720K, used 48408K [0x00000000b0000000, 0x00000000b5c80000, 0x00000000c0000000)
  object space 94720K, 51% used [0x00000000b0000000,0x00000000b2f46178,0x00000000b5c80000)
GC Heap History (10 events):
Event: 22.407 GC heap before
{Heap before GC invocations=12 (full 0):
 PSYoungGen      total 167424K, used 28460K [0x00000000eaa80000, 0x00000000fc400000, 0x0000000100000000)
  eden space 152576K, 8% used [0x00000000eaa80000,0x00000000eb7d0660,0x00000000f3f80000)
  from space 14848K, 99% used [0x00000000f3f80000,0x00000000f4dfad88,0x00000000f4e00000)
  to   space 22016K, 0% used [0x00000000fae80000,0x00000000fae80000,0x00000000fc400000)
 ParOldGen       total 62464K, used 34737K [0x00000000c0000000, 0x00000000c3d00000, 0x00000000eaa80000)
  object space 62464K, 55% used [0x00000000c0000000,0x00000000c21ec580,0x00000000c3d00000)
 PSPermGen       total 38912K, used 38858K [0x00000000b0000000, 0x00000000b2600000, 0x00000000c0000000)
  object space 38912K, 99% used [0x00000000b0000000,0x00000000b25f2a78,0x00000000b2600000)
Event: 22.444 GC heap after
Heap after GC invocations=12 (full 0):
 PSYoungGen      total 266240K, used 576K [0x00000000eaa80000, 0x00000000fc400000, 0x0000000100000000)
  eden space 244224K, 0% used [0x00000000eaa80000,0x00000000eaa80000,0x00000000f9900000)
  from space 22016K, 2% used [0x00000000fae80000,0x00000000faf10000,0x00000000fc400000)
  to   space 22016K, 0% used [0x00000000f9900000,0x00000000f9900000,0x00000000fae80000)
 ParOldGen       total 62464K, used 49076K [0x00000000c0000000, 0x00000000c3d00000, 0x00000000eaa80000)
  object space 62464K, 78% used [0x00000000c0000000,0x00000000c2fed388,0x00000000c3d00000)
 PSPermGen       total 38912K, used 38858K [0x00000000b0000000, 0x00000000b2600000, 0x00000000c0000000)
  object space 38912K, 99% used [0x00000000b0000000,0x00000000b25f2a78,0x00000000b2600000)
}
Event: 22.444 GC heap before
{Heap before GC invocations=13 (full 1):
 PSYoungGen      total 266240K, used 576K [0x00000000eaa80000, 0x00000000fc400000, 0x0000000100000000)
  eden space 244224K, 0% used [0x00000000eaa80000,0x00000000eaa80000,0x00000000f9900000)
  from space 22016K, 2% used [0x00000000fae80000,0x00000000faf10000,0x00000000fc400000)
  to   space 22016K, 0% used [0x00000000f9900000,0x00000000f9900000,0x00000000fae80000)
 ParOldGen       total 62464K, used 49076K [0x00000000c0000000, 0x00000000c3d00000, 0x00000000eaa80000)
  object space 62464K, 78% used [0x00000000c0000000,0x00000000c2fed388,0x00000000c3d00000)
 PSPermGen       total 38912K, used 38858K [0x00000000b0000000, 0x00000000b2600000, 0x00000000c0000000)
  object space 38912K, 99% used [0x00000000b0000000,0x00000000b25f2a78,0x00000000b2600000)
Event: 22.774 GC heap after
Heap after GC invocations=13 (full 1):
 PSYoungGen      total 266240K, used 0K [0x00000000eaa80000, 0x00000000fc400000, 0x0000000100000000)
  eden space 244224K, 0% used [0x00000000eaa80000,0x00000000eaa80000,0x00000000f9900000)
  from space 22016K, 0% used [0x00000000fae80000,0x00000000fae80000,0x00000000fc400000)
  to   space 22016K, 0% used [0x00000000f9900000,0x00000000f9900000,0x00000000fae80000)
 ParOldGen       total 62464K, used 33610K [0x00000000c0000000, 0x00000000c3d00000, 0x00000000eaa80000)
  object space 62464K, 53% used [0x00000000c0000000,0x00000000c20d2ab8,0x00000000c3d00000)
 PSPermGen       total 77824K, used 38804K [0x00000000b0000000, 0x00000000b4c00000, 0x00000000c0000000)
  object space 77824K, 49% used [0x00000000b0000000,0x00000000b25e5368,0x00000000b4c00000)
}
Event: 348.997 GC heap before
{Heap before GC invocations=14 (full 1):
 PSYoungGen      total 266240K, used 244224K [0x00000000eaa80000, 0x00000000fc400000, 0x0000000100000000)
  eden space 244224K, 100% used [0x00000000eaa80000,0x00000000f9900000,0x00000000f9900000)
  from space 22016K, 0% used [0x00000000fae80000,0x00000000fae80000,0x00000000fc400000)
  to   space 22016K, 0% used [0x00000000f9900000,0x00000000f9900000,0x00000000fae80000)
 ParOldGen       total 62464K, used 33610K [0x00000000c0000000, 0x00000000c3d00000, 0x00000000eaa80000)
  object space 62464K, 53% used [0x00000000c0000000,0x00000000c20d2ab8,0x00000000c3d00000)
 PSPermGen       total 77824K, used 45545K [0x00000000b0000000, 0x00000000b4c00000, 0x00000000c0000000)
  object space 77824K, 58% used [0x00000000b0000000,0x00000000b2c7a6c0,0x00000000b4c00000)
Event: 349.048 GC heap after
Heap after GC invocations=14 (full 1):
 PSYoungGen      total 266240K, used 21998K [0x00000000eaa80000, 0x0000000100000000, 0x0000000100000000)
  eden space 244224K, 0% used [0x00000000eaa80000,0x00000000eaa80000,0x00000000f9900000)
  from space 22016K, 99% used [0x00000000f9900000,0x00000000fae7bbe0,0x00000000fae80000)
  to   space 26624K, 0% used [0x00000000fe600000,0x00000000fe600000,0x0000000100000000)
 ParOldGen       total 62464K, used 35001K [0x00000000c0000000, 0x00000000c3d00000, 0x00000000eaa80000)
  object space 62464K, 56% used [0x00000000c0000000,0x00000000c222e698,0x00000000c3d00000)
 PSPermGen       total 77824K, used 45545K [0x00000000b0000000, 0x00000000b4c00000, 0x00000000c0000000)
  object space 77824K, 58% used [0x00000000b0000000,0x00000000b2c7a6c0,0x00000000b4c00000)
}
Event: 352.947 GC heap before
{Heap before GC invocations=15 (full 1):
 PSYoungGen      total 266240K, used 102346K [0x00000000eaa80000, 0x0000000100000000, 0x0000000100000000)
  eden space 244224K, 32% used [0x00000000eaa80000,0x00000000ef8f6ef8,0x00000000f9900000)
  from space 22016K, 99% used [0x00000000f9900000,0x00000000fae7bbe0,0x00000000fae80000)
  to   space 26624K, 0% used [0x00000000fe600000,0x00000000fe600000,0x0000000100000000)
 ParOldGen       total 62464K, used 35001K [0x00000000c0000000, 0x00000000c3d00000, 0x00000000eaa80000)
  object space 62464K, 56% used [0x00000000c0000000,0x00000000c222e698,0x00000000c3d00000)
 PSPermGen       total 77824K, used 48358K [0x00000000b0000000, 0x00000000b4c00000, 0x00000000c0000000)
  object space 77824K, 62% used [0x00000000b0000000,0x00000000b2f39aa0,0x00000000b4c00000)
Event: 352.973 GC heap after
Heap after GC invocations=15 (full 1):
 PSYoungGen      total 324096K, used 4601K [0x00000000eaa80000, 0x0000000100000000, 0x0000000100000000)
  eden space 297472K, 0% used [0x00000000eaa80000,0x00000000eaa80000,0x00000000fcd00000)
  from space 26624K, 17% used [0x00000000fe600000,0x00000000fea7e4f0,0x0000000100000000)
  to   space 25600K, 0% used [0x00000000fcd00000,0x00000000fcd00000,0x00000000fe600000)
 ParOldGen       total 62464K, used 48421K [0x00000000c0000000, 0x00000000c3d00000, 0x00000000eaa80000)
  object space 62464K, 77% used [0x00000000c0000000,0x00000000c2f49758,0x00000000c3d00000)
 PSPermGen       total 77824K, used 48358K [0x00000000b0000000, 0x00000000b4c00000, 0x00000000c0000000)
  object space 77824K, 62% used [0x00000000b0000000,0x00000000b2f39aa0,0x00000000b4c00000)
}
Event: 352.973 GC heap before
{Heap before GC invocations=16 (full 2):
 PSYoungGen      total 324096K, used 4601K [0x00000000eaa80000, 0x0000000100000000, 0x0000000100000000)
  eden space 297472K, 0% used [0x00000000eaa80000,0x00000000eaa80000,0x00000000fcd00000)
  from space 26624K, 17% used [0x00000000fe600000,0x00000000fea7e4f0,0x0000000100000000)
  to   space 25600K, 0% used [0x00000000fcd00000,0x00000000fcd00000,0x00000000fe600000)
 ParOldGen       total 62464K, used 48421K [0x00000000c0000000, 0x00000000c3d00000, 0x00000000eaa80000)
  object space 62464K, 77% used [0x00000000c0000000,0x00000000c2f49758,0x00000000c3d00000)
 PSPermGen       total 77824K, used 48358K [0x00000000b0000000, 0x00000000b4c00000, 0x00000000c0000000)
  object space 77824K, 62% used [0x00000000b0000000,0x00000000b2f39aa0,0x00000000b4c00000)
Event: 353.322 GC heap after
Heap after GC invocations=16 (full 2):
 PSYoungGen      total 324096K, used 0K [0x00000000eaa80000, 0x0000000100000000, 0x0000000100000000)
  eden space 297472K, 0% used [0x00000000eaa80000,0x00000000eaa80000,0x00000000fcd00000)
  from space 26624K, 0% used [0x00000000fe600000,0x00000000fe600000,0x0000000100000000)
  to   space 25600K, 0% used [0x00000000fcd00000,0x00000000fcd00000,0x00000000fe600000)
 ParOldGen       total 62464K, used 46848K [0x00000000c0000000, 0x00000000c3d00000, 0x00000000eaa80000)
  object space 62464K, 75% used [0x00000000c0000000,0x00000000c2dc0320,0x00000000c3d00000)
 PSPermGen       total 94720K, used 48317K [0x00000000b0000000, 0x00000000b5c80000, 0x00000000c0000000)
  object space 94720K, 51% used [0x00000000b0000000,0x00000000b2f2f508,0x00000000b5c80000)
}

