# JRE version: OpenJDK Runtime Environment (7.0_65-b32) (build 1.7.0_65-b32)
# Java VM: OpenJDK 64-Bit Server VM (24.65-b04 mixed mode linux-amd64 compressed oops)
Heap
 PSYoungGen      total 309760K, used 239538K [0x00000000eaa80000, 0x0000000100000000, 0x0000000100000000)
  eden space 268800K, 89% used [0x00000000eaa80000,0x00000000f946cab0,0x00000000fb100000)
  from space 40960K, 0% used [0x00000000fd800000,0x00000000fd800000,0x0000000100000000)
  to   space 39936K, 0% used [0x00000000fb100000,0x00000000fb100000,0x00000000fd800000)
 ParOldGen       total 169472K, used 83131K [0x00000000c0000000, 0x00000000ca580000, 0x00000000eaa80000)
  object space 169472K, 49% used [0x00000000c0000000,0x00000000c512ecf0,0x00000000ca580000)
 PSPermGen       total 126976K, used 89332K [0x00000000b0000000, 0x00000000b7c00000, 0x00000000c0000000)
  object space 126976K, 70% used [0x00000000b0000000,0x00000000b573d348,0x00000000b7c00000)
GC Heap History (10 events):
Event: 288.224 GC heap before
{Heap before GC invocations=17 (full 3):
 PSYoungGen      total 298496K, used 34811K [0x00000000eaa80000, 0x0000000100000000, 0x0000000100000000)
  eden space 263680K, 0% used [0x00000000eaa80000,0x00000000eaa80000,0x00000000fac00000)
  from space 34816K, 99% used [0x00000000fde00000,0x00000000ffffefe0,0x0000000100000000)
  to   space 43008K, 0% used [0x00000000fac00000,0x00000000fac00000,0x00000000fd600000)
 ParOldGen       total 99328K, used 57767K [0x00000000c0000000, 0x00000000c6100000, 0x00000000eaa80000)
  object space 99328K, 58% used [0x00000000c0000000,0x00000000c3869fd8,0x00000000c6100000)
 PSPermGen       total 90624K, used 69736K [0x00000000b0000000, 0x00000000b5880000, 0x00000000c0000000)
  object space 90624K, 76% used [0x00000000b0000000,0x00000000b441a238,0x00000000b5880000)
Event: 288.818 GC heap after
Heap after GC invocations=17 (full 3):
 PSYoungGen      total 298496K, used 0K [0x00000000eaa80000, 0x0000000100000000, 0x0000000100000000)
  eden space 263680K, 0% used [0x00000000eaa80000,0x00000000eaa80000,0x00000000fac00000)
  from space 34816K, 0% used [0x00000000fde00000,0x00000000fde00000,0x0000000100000000)
  to   space 43008K, 0% used [0x00000000fac00000,0x00000000fac00000,0x00000000fd600000)
 ParOldGen       total 99328K, used 88695K [0x00000000c0000000, 0x00000000c6100000, 0x00000000eaa80000)
  object space 99328K, 89% used [0x00000000c0000000,0x00000000c569dfc8,0x00000000c6100000)
 PSPermGen       total 117760K, used 69612K [0x00000000b0000000, 0x00000000b7300000, 0x00000000c0000000)
  object space 117760K, 59% used [0x00000000b0000000,0x00000000b43fb248,0x00000000b7300000)
}
Event: 381.246 GC heap before
{Heap before GC invocations=18 (full 4):
 PSYoungGen      total 298496K, used 263680K [0x00000000eaa80000, 0x0000000100000000, 0x0000000100000000)
  eden space 263680K, 100% used [0x00000000eaa80000,0x00000000fac00000,0x00000000fac00000)
  from space 34816K, 0% used [0x00000000fde00000,0x00000000fde00000,0x0000000100000000)
  to   space 43008K, 0% used [0x00000000fac00000,0x00000000fac00000,0x00000000fd600000)
 ParOldGen       total 99328K, used 88695K [0x00000000c0000000, 0x00000000c6100000, 0x00000000eaa80000)
  object space 99328K, 89% used [0x00000000c0000000,0x00000000c569dfc8,0x00000000c6100000)
 PSPermGen       total 117760K, used 76543K [0x00000000b0000000, 0x00000000b7300000, 0x00000000c0000000)
  object space 117760K, 64% used [0x00000000b0000000,0x00000000b4abfc68,0x00000000b7300000)
Event: 381.636 GC heap after
Heap after GC invocations=18 (full 4):
 PSYoungGen      total 298496K, used 7496K [0x00000000eaa80000, 0x0000000100000000, 0x0000000100000000)
  eden space 263680K, 2% used [0x00000000eaa80000,0x00000000eb1d20d8,0x00000000fac00000)
  from space 34816K, 0% used [0x00000000fde00000,0x00000000fde00000,0x0000000100000000)
  to   space 43008K, 0% used [0x00000000fac00000,0x00000000fac00000,0x00000000fd600000)
 ParOldGen       total 169472K, used 99325K [0x00000000c0000000, 0x00000000ca580000, 0x00000000eaa80000)
  object space 169472K, 58% used [0x00000000c0000000,0x00000000c60ff5e0,0x00000000ca580000)
 PSPermGen       total 123392K, used 76538K [0x00000000b0000000, 0x00000000b7880000, 0x00000000c0000000)
  object space 123392K, 62% used [0x00000000b0000000,0x00000000b4abe948,0x00000000b7880000)
}
Event: 1049.138 GC heap before
{Heap before GC invocations=19 (full 4):
 PSYoungGen      total 298496K, used 263680K [0x00000000eaa80000, 0x0000000100000000, 0x0000000100000000)
  eden space 263680K, 100% used [0x00000000eaa80000,0x00000000fac00000,0x00000000fac00000)
  from space 34816K, 0% used [0x00000000fde00000,0x00000000fde00000,0x0000000100000000)
  to   space 43008K, 0% used [0x00000000fac00000,0x00000000fac00000,0x00000000fd600000)
 ParOldGen       total 169472K, used 99325K [0x00000000c0000000, 0x00000000ca580000, 0x00000000eaa80000)
  object space 169472K, 58% used [0x00000000c0000000,0x00000000c60ff5e0,0x00000000ca580000)
 PSPermGen       total 123392K, used 77421K [0x00000000b0000000, 0x00000000b7880000, 0x00000000c0000000)
  object space 123392K, 62% used [0x00000000b0000000,0x00000000b4b9b450,0x00000000b7880000)
Event: 1049.190 GC heap after
Heap after GC invocations=19 (full 4):
 PSYoungGen      total 306688K, used 10787K [0x00000000eaa80000, 0x0000000100000000, 0x0000000100000000)
  eden space 263680K, 0% used [0x00000000eaa80000,0x00000000eaa80000,0x00000000fac00000)
  from space 43008K, 25% used [0x00000000fac00000,0x00000000fb688e40,0x00000000fd600000)
  to   space 40960K, 0% used [0x00000000fd800000,0x00000000fd800000,0x0000000100000000)
 ParOldGen       total 169472K, used 99333K [0x00000000c0000000, 0x00000000ca580000, 0x00000000eaa80000)
  object space 169472K, 58% used [0x00000000c0000000,0x00000000c61015e0,0x00000000ca580000)
 PSPermGen       total 123392K, used 77421K [0x00000000b0000000, 0x00000000b7880000, 0x00000000c0000000)
  object space 123392K, 62% used [0x00000000b0000000,0x00000000b4b9b450,0x00000000b7880000)
}
Event: 1050.415 GC heap before
{Heap before GC invocations=20 (full 4):
 PSYoungGen      total 306688K, used 199308K [0x00000000eaa80000, 0x0000000100000000, 0x0000000100000000)
  eden space 263680K, 71% used [0x00000000eaa80000,0x00000000f629a418,0x00000000fac00000)
  from space 43008K, 25% used [0x00000000fac00000,0x00000000fb688e40,0x00000000fd600000)
  to   space 40960K, 0% used [0x00000000fd800000,0x00000000fd800000,0x0000000100000000)
 ParOldGen       total 169472K, used 99333K [0x00000000c0000000, 0x00000000ca580000, 0x00000000eaa80000)
  object space 169472K, 58% used [0x00000000c0000000,0x00000000c61015e0,0x00000000ca580000)
 PSPermGen       total 123392K, used 83942K [0x00000000b0000000, 0x00000000b7880000, 0x00000000c0000000)
  object space 123392K, 68% used [0x00000000b0000000,0x00000000b51f9978,0x00000000b7880000)
Event: 1050.454 GC heap after
Heap after GC invocations=20 (full 4):
 PSYoungGen      total 309760K, used 19944K [0x00000000eaa80000, 0x0000000100000000, 0x0000000100000000)
  eden space 268800K, 0% used [0x00000000eaa80000,0x00000000eaa80000,0x00000000fb100000)
  from space 40960K, 48% used [0x00000000fd800000,0x00000000feb7a000,0x0000000100000000)
  to   space 39936K, 0% used [0x00000000fb100000,0x00000000fb100000,0x00000000fd800000)
 ParOldGen       total 169472K, used 108029K [0x00000000c0000000, 0x00000000ca580000, 0x00000000eaa80000)
  object space 169472K, 63% used [0x00000000c0000000,0x00000000c697f718,0x00000000ca580000)
 PSPermGen       total 123392K, used 83942K [0x00000000b0000000, 0x00000000b7880000, 0x00000000c0000000)
  object space 123392K, 68% used [0x00000000b0000000,0x00000000b51f9978,0x00000000b7880000)
}
Event: 1050.454 GC heap before
{Heap before GC invocations=21 (full 5):
 PSYoungGen      total 309760K, used 19944K [0x00000000eaa80000, 0x0000000100000000, 0x0000000100000000)
  eden space 268800K, 0% used [0x00000000eaa80000,0x00000000eaa80000,0x00000000fb100000)
  from space 40960K, 48% used [0x00000000fd800000,0x00000000feb7a000,0x0000000100000000)
  to   space 39936K, 0% used [0x00000000fb100000,0x00000000fb100000,0x00000000fd800000)
 ParOldGen       total 169472K, used 108029K [0x00000000c0000000, 0x00000000ca580000, 0x00000000eaa80000)
  object space 169472K, 63% used [0x00000000c0000000,0x00000000c697f718,0x00000000ca580000)
 PSPermGen       total 123392K, used 83942K [0x00000000b0000000, 0x00000000b7880000, 0x00000000c0000000)
  object space 123392K, 68% used [0x00000000b0000000,0x00000000b51f9978,0x00000000b7880000)
Event: 1051.027 GC heap after
Heap after GC invocations=21 (full 5):
 PSYoungGen      total 309760K, used 0K [0x00000000eaa80000, 0x0000000100000000, 0x0000000100000000)
  eden space 268800K, 0% used [0x00000000eaa80000,0x00000000eaa80000,0x00000000fb100000)
  from space 40960K, 0% used [0x00000000fd800000,0x00000000fd800000,0x0000000100000000)
  to   space 39936K, 0% used [0x00000000fb100000,0x00000000fb100000,0x00000000fd800000)
 ParOldGen       total 169472K, used 83131K [0x00000000c0000000, 0x00000000ca580000, 0x00000000eaa80000)
  object space 169472K, 49% used [0x00000000c0000000,0x00000000c512ecf0,0x00000000ca580000)
 PSPermGen       total 126976K, used 82170K [0x00000000b0000000, 0x00000000b7c00000, 0x00000000c0000000)
  object space 126976K, 64% used [0x00000000b0000000,0x00000000b503eb48,0x00000000b7c00000)
}

